[2026-04-20T14:45:34.442Z] {"timestamp":1776696306024,"kind":"scroll","url":"https://3000-io9n00ya230egj4vvhfeq-af397703.us2.manus.computer/?from_webdev=1","viewport":{"width":1105,"height":830},"payload":{"scrollX":0,"scrollY":19,"documentHeight":4943,"viewportHeight":830}}
[2026-04-20T14:45:34.442Z] {"timestamp":1776696306525,"kind":"scroll","url":"https://3000-io9n00ya230egj4vvhfeq-af397703.us2.manus.computer/?from_webdev=1","viewport":{"width":1105,"height":830},"payload":{"scrollX":0,"scrollY":753,"documentHeight":4943,"viewportHeight":830}}
[2026-04-20T14:45:36.442Z] {"timestamp":1776696308944,"kind":"scroll","url":"https://3000-io9n00ya230egj4vvhfeq-af397703.us2.manus.computer/?from_webdev=1","viewport":{"width":1105,"height":830},"payload":{"scrollX":0,"scrollY":846,"documentHeight":4943,"viewportHeight":830}}
[2026-04-20T14:45:36.442Z] {"timestamp":1776696309444,"kind":"scroll","url":"https://3000-io9n00ya230egj4vvhfeq-af397703.us2.manus.computer/?from_webdev=1","viewport":{"width":1105,"height":830},"payload":{"scrollX":0,"scrollY":1307,"documentHeight":4943,"viewportHeight":830}}
[2026-04-20T14:45:38.440Z] {"timestamp":1776696310696,"kind":"scroll","url":"https://3000-io9n00ya230egj4vvhfeq-af397703.us2.manus.computer/?from_webdev=1","viewport":{"width":1105,"height":830},"payload":{"scrollX":0,"scrollY":1375,"documentHeight":4943,"viewportHeight":830}}
[2026-04-20T14:45:38.440Z] {"timestamp":1776696311196,"kind":"scroll","url":"https://3000-io9n00ya230egj4vvhfeq-af397703.us2.manus.computer/?from_webdev=1","viewport":{"width":1105,"height":830},"payload":{"scrollX":0,"scrollY":1997,"documentHeight":4943,"viewportHeight":830}}
[2026-04-20T14:45:40.451Z] {"timestamp":1776696313165,"kind":"scroll","url":"https://3000-io9n00ya230egj4vvhfeq-af397703.us2.manus.computer/?from_webdev=1","viewport":{"width":1105,"height":830},"payload":{"scrollX":0,"scrollY":2097,"documentHeight":4943,"viewportHeight":830}}
[2026-04-20T14:45:40.451Z] {"timestamp":1776696313665,"kind":"scroll","url":"https://3000-io9n00ya230egj4vvhfeq-af397703.us2.manus.computer/?from_webdev=1","viewport":{"width":1105,"height":830},"payload":{"scrollX":0,"scrollY":2545,"documentHeight":4943,"viewportHeight":830}}
[2026-04-20T14:45:44.443Z] {"timestamp":1776696315851,"kind":"scroll","url":"https://3000-io9n00ya230egj4vvhfeq-af397703.us2.manus.computer/?from_webdev=1","viewport":{"width":1105,"height":830},"payload":{"scrollX":0,"scrollY":2620,"documentHeight":4943,"viewportHeight":830}}
[2026-04-20T14:45:44.443Z] {"timestamp":1776696316351,"kind":"scroll","url":"https://3000-io9n00ya230egj4vvhfeq-af397703.us2.manus.computer/?from_webdev=1","viewport":{"width":1105,"height":830},"payload":{"scrollX":0,"scrollY":3099,"documentHeight":4943,"viewportHeight":830}}
[2026-04-20T14:45:44.443Z] {"timestamp":1776696316935,"kind":"scroll","url":"https://3000-io9n00ya230egj4vvhfeq-af397703.us2.manus.computer/?from_webdev=1","viewport":{"width":1105,"height":830},"payload":{"scrollX":0,"scrollY":3304,"documentHeight":4943,"viewportHeight":830}}
[2026-04-20T14:45:46.347Z] {"timestamp":1776696317853,"kind":"scroll","url":"https://3000-io9n00ya230egj4vvhfeq-af397703.us2.manus.computer/?from_webdev=1","viewport":{"width":1105,"height":830},"payload":{"scrollX":0,"scrollY":3348,"documentHeight":4943,"viewportHeight":830}}
[2026-04-20T14:45:46.347Z] {"timestamp":1776696318353,"kind":"scroll","url":"https://3000-io9n00ya230egj4vvhfeq-af397703.us2.manus.computer/?from_webdev=1","viewport":{"width":1105,"height":830},"payload":{"scrollX":0,"scrollY":3920,"documentHeight":4943,"viewportHeight":830}}
[2026-04-20T14:45:46.347Z] {"timestamp":1776696318987,"kind":"scroll","url":"https://3000-io9n00ya230egj4vvhfeq-af397703.us2.manus.computer/?from_webdev=1","viewport":{"width":1105,"height":830},"payload":{"scrollX":0,"scrollY":3951,"documentHeight":4943,"viewportHeight":830}}
[2026-04-20T14:45:48.441Z] {"timestamp":1776696320188,"kind":"scroll","url":"https://3000-io9n00ya230egj4vvhfeq-af397703.us2.manus.computer/?from_webdev=1","viewport":{"width":1105,"height":830},"payload":{"scrollX":0,"scrollY":4013,"documentHeight":4943,"viewportHeight":830}}
[2026-04-20T14:45:48.441Z] {"timestamp":1776696320806,"kind":"scroll","url":"https://3000-io9n00ya230egj4vvhfeq-af397703.us2.manus.computer/?from_webdev=1","viewport":{"width":1105,"height":830},"payload":{"scrollX":0,"scrollY":4051,"documentHeight":4943,"viewportHeight":830}}
[2026-04-20T14:45:50.348Z] {"timestamp":1776696321924,"kind":"scroll","url":"https://3000-io9n00ya230egj4vvhfeq-af397703.us2.manus.computer/?from_webdev=1","viewport":{"width":1105,"height":830},"payload":{"scrollX":0,"scrollY":4020,"documentHeight":4943,"viewportHeight":830}}
[2026-04-20T14:46:20.641Z] {"timestamp":1776696353572,"kind":"scroll","url":"https://3000-io9n00ya230egj4vvhfeq-af397703.us2.manus.computer/?from_webdev=1","viewport":{"width":1105,"height":830},"payload":{"scrollX":0,"scrollY":3777,"documentHeight":4943,"viewportHeight":830}}
[2026-04-20T14:46:22.449Z] {"timestamp":1776696354072,"kind":"scroll","url":"https://3000-io9n00ya230egj4vvhfeq-af397703.us2.manus.computer/?from_webdev=1","viewport":{"width":1105,"height":830},"payload":{"scrollX":0,"scrollY":3547,"documentHeight":4943,"viewportHeight":830}}
[2026-04-20T14:46:22.449Z] {"timestamp":1776696355595,"kind":"scroll","url":"https://3000-io9n00ya230egj4vvhfeq-af397703.us2.manus.computer/?from_webdev=1","viewport":{"width":1105,"height":830},"payload":{"scrollX":0,"scrollY":3541,"documentHeight":4943,"viewportHeight":830}}
[2026-04-20T14:46:24.493Z] {"timestamp":1776696356108,"kind":"scroll","url":"https://3000-io9n00ya230egj4vvhfeq-af397703.us2.manus.computer/?from_webdev=1","viewport":{"width":1105,"height":830},"payload":{"scrollX":0,"scrollY":1568,"documentHeight":4943,"viewportHeight":830}}
[2026-04-20T16:41:05.395Z] {"timestamp":1776703236904,"kind":"scroll","url":"https://3000-io9n00ya230egj4vvhfeq-af397703.us2.manus.computer/?from_webdev=1","viewport":{"width":1105,"height":830},"payload":{"scrollX":0,"scrollY":5,"documentHeight":4037,"viewportHeight":830}}
[2026-04-20T16:41:05.395Z] {"timestamp":1776703237404,"kind":"scroll","url":"https://3000-io9n00ya230egj4vvhfeq-af397703.us2.manus.computer/?from_webdev=1","viewport":{"width":1105,"height":830},"payload":{"scrollX":0,"scrollY":656,"documentHeight":4037,"viewportHeight":830}}
[2026-04-20T16:41:07.200Z] {"timestamp":1776703238354,"kind":"scroll","url":"https://3000-io9n00ya230egj4vvhfeq-af397703.us2.manus.computer/?from_webdev=1","viewport":{"width":1105,"height":830},"payload":{"scrollX":0,"scrollY":981,"documentHeight":4037,"viewportHeight":830}}
[2026-04-20T16:41:07.200Z] {"timestamp":1776703238856,"kind":"scroll","url":"https://3000-io9n00ya230egj4vvhfeq-af397703.us2.manus.computer/?from_webdev=1","viewport":{"width":1105,"height":830},"payload":{"scrollX":0,"scrollY":1891,"documentHeight":4037,"viewportHeight":830}}
[2026-04-20T16:41:07.200Z] {"timestamp":1776703239439,"kind":"scroll","url":"https://3000-io9n00ya230egj4vvhfeq-af397703.us2.manus.computer/?from_webdev=1","viewport":{"width":1105,"height":830},"payload":{"scrollX":0,"scrollY":2150,"documentHeight":4037,"viewportHeight":830}}
[2026-04-20T16:41:07.200Z] {"timestamp":1776703239940,"kind":"scroll","url":"https://3000-io9n00ya230egj4vvhfeq-af397703.us2.manus.computer/?from_webdev=1","viewport":{"width":1105,"height":830},"payload":{"scrollX":0,"scrollY":2277,"documentHeight":4037,"viewportHeight":830}}
[2026-04-20T16:41:09.205Z] {"timestamp":1776703240473,"kind":"scroll","url":"https://3000-io9n00ya230egj4vvhfeq-af397703.us2.manus.computer/?from_webdev=1","viewport":{"width":1105,"height":830},"payload":{"scrollX":0,"scrollY":2694,"documentHeight":4037,"viewportHeight":830}}
[2026-04-20T16:41:09.205Z] {"timestamp":1776703240974,"kind":"scroll","url":"https://3000-io9n00ya230egj4vvhfeq-af397703.us2.manus.computer/?from_webdev=1","viewport":{"width":1105,"height":830},"payload":{"scrollX":0,"scrollY":3192,"documentHeight":4037,"viewportHeight":830}}
[2026-04-20T16:41:09.205Z] {"timestamp":1776703241624,"kind":"scroll","url":"https://3000-io9n00ya230egj4vvhfeq-af397703.us2.manus.computer/?from_webdev=1","viewport":{"width":1105,"height":830},"payload":{"scrollX":0,"scrollY":3177,"documentHeight":4037,"viewportHeight":830}}
[2026-04-20T16:41:09.205Z] {"timestamp":1776703242125,"kind":"scroll","url":"https://3000-io9n00ya230egj4vvhfeq-af397703.us2.manus.computer/?from_webdev=1","viewport":{"width":1105,"height":830},"payload":{"scrollX":0,"scrollY":493,"documentHeight":4037,"viewportHeight":830}}
[2026-04-20T16:41:11.245Z] {"timestamp":1776703242998,"kind":"focusin","url":"https://3000-io9n00ya230egj4vvhfeq-af397703.us2.manus.computer/?from_webdev=1","viewport":{"width":1105,"height":830},"payload":{"target":{"tag":"a","id":null,"name":null,"type":null,"role":null,"ariaLabel":null,"testId":null,"dataLoc":"client/src/pages/Home.tsx:46","href":"#portfolio","text":"Portfólio","selectorHint":"[data-loc=\"client/src/pages/Home.tsx:46\"]"}}}
[2026-04-20T16:41:11.245Z] {"timestamp":1776703243083,"kind":"click","url":"https://3000-io9n00ya230egj4vvhfeq-af397703.us2.manus.computer/?from_webdev=1","viewport":{"width":1105,"height":830},"payload":{"target":{"tag":"a","id":null,"name":null,"type":null,"role":null,"ariaLabel":null,"testId":null,"dataLoc":"client/src/pages/Home.tsx:46","href":"#portfolio","text":"Portfólio","selectorHint":"[data-loc=\"client/src/pages/Home.tsx:46\"]"},"x":918,"y":44}}
[2026-04-20T16:41:11.245Z] {"timestamp":1776703243084,"kind":"navigate","url":"https://3000-io9n00ya230egj4vvhfeq-af397703.us2.manus.computer/?from_webdev=1#portfolio","viewport":{"width":1105,"height":830},"payload":{"reason":"popstate"}}
[2026-04-20T16:41:11.245Z] {"timestamp":1776703243084,"kind":"focusout","url":"https://3000-io9n00ya230egj4vvhfeq-af397703.us2.manus.computer/?from_webdev=1#portfolio","viewport":{"width":1105,"height":830},"payload":{"target":{"tag":"a","id":null,"name":null,"type":null,"role":null,"ariaLabel":null,"testId":null,"dataLoc":"client/src/pages/Home.tsx:46","href":"#portfolio","text":"Portfólio","selectorHint":"[data-loc=\"client/src/pages/Home.tsx:46\"]"},"value":null}}
[2026-04-20T16:41:11.245Z] {"timestamp":1776703243084,"kind":"navigate","url":"https://3000-io9n00ya230egj4vvhfeq-af397703.us2.manus.computer/?from_webdev=1#portfolio","viewport":{"width":1105,"height":830},"payload":{"reason":"hashchange"}}
[2026-04-20T16:41:15.196Z] {"timestamp":1776703246429,"kind":"scroll","url":"https://3000-io9n00ya230egj4vvhfeq-af397703.us2.manus.computer/?from_webdev=1#portfolio","viewport":{"width":1105,"height":830},"payload":{"scrollX":0,"scrollY":5,"documentHeight":4037,"viewportHeight":830}}
[2026-04-20T16:41:15.196Z] {"timestamp":1776703248181,"kind":"scroll","url":"https://3000-io9n00ya230egj4vvhfeq-af397703.us2.manus.computer/?from_webdev=1#portfolio","viewport":{"width":1105,"height":830},"payload":{"scrollX":0,"scrollY":91,"documentHeight":4037,"viewportHeight":830}}
[2026-04-20T16:41:17.194Z] {"timestamp":1776703248681,"kind":"scroll","url":"https://3000-io9n00ya230egj4vvhfeq-af397703.us2.manus.computer/?from_webdev=1#portfolio","viewport":{"width":1105,"height":830},"payload":{"scrollX":0,"scrollY":503,"documentHeight":4037,"viewportHeight":830}}
[2026-04-20T16:41:17.194Z] {"timestamp":1776703249249,"kind":"scroll","url":"https://3000-io9n00ya230egj4vvhfeq-af397703.us2.manus.computer/?from_webdev=1#portfolio","viewport":{"width":1105,"height":830},"payload":{"scrollX":0,"scrollY":854,"documentHeight":4037,"viewportHeight":830}}
[2026-04-20T16:41:21.203Z] {"timestamp":1776703252618,"kind":"scroll","url":"https://3000-io9n00ya230egj4vvhfeq-af397703.us2.manus.computer/?from_webdev=1#portfolio","viewport":{"width":1105,"height":830},"payload":{"scrollX":0,"scrollY":869,"documentHeight":4037,"viewportHeight":830}}
[2026-04-20T16:41:21.203Z] {"timestamp":1776703253119,"kind":"scroll","url":"https://3000-io9n00ya230egj4vvhfeq-af397703.us2.manus.computer/?from_webdev=1#portfolio","viewport":{"width":1105,"height":830},"payload":{"scrollX":0,"scrollY":1296,"documentHeight":4037,"viewportHeight":830}}
[2026-04-20T16:41:21.204Z] {"timestamp":1776703253620,"kind":"scroll","url":"https://3000-io9n00ya230egj4vvhfeq-af397703.us2.manus.computer/?from_webdev=1#portfolio","viewport":{"width":1105,"height":830},"payload":{"scrollX":0,"scrollY":412,"documentHeight":4037,"viewportHeight":830}}
[2026-04-20T16:41:31.242Z] {"timestamp":1776703263866,"kind":"scroll","url":"https://3000-io9n00ya230egj4vvhfeq-af397703.us2.manus.computer/?from_webdev=1#portfolio","viewport":{"width":1105,"height":830},"payload":{"scrollX":0,"scrollY":5,"documentHeight":4037,"viewportHeight":830}}
[2026-04-20T16:41:33.204Z] {"timestamp":1776703265131,"kind":"scroll","url":"https://3000-io9n00ya230egj4vvhfeq-af397703.us2.manus.computer/?from_webdev=1#portfolio","viewport":{"width":1105,"height":830},"payload":{"scrollX":0,"scrollY":81,"documentHeight":4037,"viewportHeight":830}}
[2026-04-20T16:41:33.204Z] {"timestamp":1776703265632,"kind":"scroll","url":"https://3000-io9n00ya230egj4vvhfeq-af397703.us2.manus.computer/?from_webdev=1#portfolio","viewport":{"width":1105,"height":830},"payload":{"scrollX":0,"scrollY":376,"documentHeight":4037,"viewportHeight":830}}
[2026-04-20T16:41:33.204Z] {"timestamp":1776703266132,"kind":"scroll","url":"https://3000-io9n00ya230egj4vvhfeq-af397703.us2.manus.computer/?from_webdev=1#portfolio","viewport":{"width":1105,"height":830},"payload":{"scrollX":0,"scrollY":651,"documentHeight":4037,"viewportHeight":830}}
[2026-04-20T16:41:35.196Z] {"timestamp":1776703267083,"kind":"scroll","url":"https://3000-io9n00ya230egj4vvhfeq-af397703.us2.manus.computer/?from_webdev=1#portfolio","viewport":{"width":1105,"height":830},"payload":{"scrollX":0,"scrollY":732,"documentHeight":4037,"viewportHeight":830}}
[2026-04-20T16:41:35.196Z] {"timestamp":1776703267584,"kind":"scroll","url":"https://3000-io9n00ya230egj4vvhfeq-af397703.us2.manus.computer/?from_webdev=1#portfolio","viewport":{"width":1105,"height":830},"payload":{"scrollX":0,"scrollY":2145,"documentHeight":4037,"viewportHeight":830}}
[2026-04-20T16:41:37.450Z] {"timestamp":1776703269519,"kind":"scroll","url":"https://3000-io9n00ya230egj4vvhfeq-af397703.us2.manus.computer/?from_webdev=1#portfolio","viewport":{"width":1105,"height":830},"payload":{"scrollX":0,"scrollY":3182,"documentHeight":4037,"viewportHeight":830}}
[2026-04-20T16:41:37.450Z] {"timestamp":1776703270020,"kind":"scroll","url":"https://3000-io9n00ya230egj4vvhfeq-af397703.us2.manus.computer/?from_webdev=1#portfolio","viewport":{"width":1105,"height":830},"payload":{"scrollX":0,"scrollY":41,"documentHeight":4037,"viewportHeight":830}}
[2026-04-22T13:37:13.683Z] {"timestamp":1776865031451,"kind":"scroll","url":"https://3000-io9n00ya230egj4vvhfeq-af397703.us2.manus.computer/?from_webdev=1","viewport":{"width":1105,"height":830},"payload":{"scrollX":0,"scrollY":1,"documentHeight":4037,"viewportHeight":830}}
[2026-04-22T13:42:30.199Z] {"timestamp":1776865348442,"kind":"scroll","url":"https://3000-io9n00ya230egj4vvhfeq-af397703.us2.manus.computer/?from_webdev=1","viewport":{"width":1105,"height":830},"payload":{"scrollX":0,"scrollY":1,"documentHeight":4037,"viewportHeight":830}}
[2026-04-22T13:42:30.199Z] {"timestamp":1776865349619,"kind":"scroll","url":"https://3000-io9n00ya230egj4vvhfeq-af397703.us2.manus.computer/?from_webdev=1","viewport":{"width":1105,"height":830},"payload":{"scrollX":0,"scrollY":99,"documentHeight":4037,"viewportHeight":830}}
[2026-04-22T13:42:34.177Z] {"timestamp":1776865353507,"kind":"scroll","url":"https://3000-io9n00ya230egj4vvhfeq-af397703.us2.manus.computer/?from_webdev=1","viewport":{"width":1105,"height":830},"payload":{"scrollX":0,"scrollY":15,"documentHeight":4037,"viewportHeight":830}}
[2026-04-22T13:42:36.181Z] {"timestamp":1776865354474,"kind":"scroll","url":"https://3000-io9n00ya230egj4vvhfeq-af397703.us2.manus.computer/?from_webdev=1","viewport":{"width":1105,"height":830},"payload":{"scrollX":0,"scrollY":1032,"documentHeight":4037,"viewportHeight":830}}
[2026-04-22T13:42:36.181Z] {"timestamp":1776865355442,"kind":"scroll","url":"https://3000-io9n00ya230egj4vvhfeq-af397703.us2.manus.computer/?from_webdev=1","viewport":{"width":1105,"height":830},"payload":{"scrollX":0,"scrollY":1708,"documentHeight":4037,"viewportHeight":830}}
[2026-04-22T13:42:38.180Z] {"timestamp":1776865356360,"kind":"scroll","url":"https://3000-io9n00ya230egj4vvhfeq-af397703.us2.manus.computer/?from_webdev=1","viewport":{"width":1105,"height":830},"payload":{"scrollX":0,"scrollY":2363,"documentHeight":4037,"viewportHeight":830}}
[2026-04-22T13:42:38.180Z] {"timestamp":1776865356944,"kind":"scroll","url":"https://3000-io9n00ya230egj4vvhfeq-af397703.us2.manus.computer/?from_webdev=1","viewport":{"width":1105,"height":830},"payload":{"scrollX":0,"scrollY":2521,"documentHeight":4037,"viewportHeight":830}}
[2026-04-22T13:42:38.180Z] {"timestamp":1776865357444,"kind":"scroll","url":"https://3000-io9n00ya230egj4vvhfeq-af397703.us2.manus.computer/?from_webdev=1","viewport":{"width":1105,"height":830},"payload":{"scrollX":0,"scrollY":1113,"documentHeight":4037,"viewportHeight":830}}
[2026-04-22T13:42:40.181Z] {"timestamp":1776865357944,"kind":"scroll","url":"https://3000-io9n00ya230egj4vvhfeq-af397703.us2.manus.computer/?from_webdev=1","viewport":{"width":1105,"height":830},"payload":{"scrollX":0,"scrollY":1062,"documentHeight":4037,"viewportHeight":830}}
[2026-04-22T13:42:40.181Z] {"timestamp":1776865358445,"kind":"scroll","url":"https://3000-io9n00ya230egj4vvhfeq-af397703.us2.manus.computer/?from_webdev=1","viewport":{"width":1105,"height":830},"payload":{"scrollX":0,"scrollY":2394,"documentHeight":4037,"viewportHeight":830}}
[2026-04-22T13:42:40.181Z] {"timestamp":1776865358962,"kind":"scroll","url":"https://3000-io9n00ya230egj4vvhfeq-af397703.us2.manus.computer/?from_webdev=1","viewport":{"width":1105,"height":830},"payload":{"scrollX":0,"scrollY":2409,"documentHeight":4037,"viewportHeight":830}}
[2026-04-22T13:42:42.186Z] {"timestamp":1776865359963,"kind":"scroll","url":"https://3000-io9n00ya230egj4vvhfeq-af397703.us2.manus.computer/?from_webdev=1","viewport":{"width":1105,"height":830},"payload":{"scrollX":0,"scrollY":2846,"documentHeight":4037,"viewportHeight":830}}
